#1 [internal] load build definition from Dockerfile
#1 transferring dockerfile: 779B done
#1 DONE 0.0s

#2 [internal] load .dockerignore
#2 transferring context: 180B done
#2 DONE 0.0s

#3 [internal] load metadata for 988253048728.dkr.ecr.us-east-1.amazonaws.com/node:lts
#3 ...

#4 [auth] sharing credentials for 988253048728.dkr.ecr.us-east-1.amazonaws.com
#4 DONE 0.0s

#5 [internal] load metadata for 988253048728.dkr.ecr.us-east-1.amazonaws.com/node:lts-slim
#5 DONE 1.5s

#3 [internal] load metadata for 988253048728.dkr.ecr.us-east-1.amazonaws.com/node:lts
#3 DONE 1.5s

#6 [builder  1/13] FROM 988253048728.dkr.ecr.us-east-1.amazonaws.com/node:lts@sha256:67cb6aae3415f1a5106579aa1400b18368860f922d55fcac589f6c2af104bad5
#6 resolve 988253048728.dkr.ecr.us-east-1.amazonaws.com/node:lts@sha256:67cb6aae3415f1a5106579aa1400b18368860f922d55fcac589f6c2af104bad5 0.0s done
#6 DONE 0.0s

#7 [stage-1 1/6] FROM 988253048728.dkr.ecr.us-east-1.amazonaws.com/node:lts-slim@sha256:02632fa826cdbdaa5fba25032bd2931fc79348c60110fefea2edf3fc480f39c5
#7 resolve 988253048728.dkr.ecr.us-east-1.amazonaws.com/node:lts-slim@sha256:02632fa826cdbdaa5fba25032bd2931fc79348c60110fefea2edf3fc480f39c5 0.0s done
#7 DONE 0.0s

#8 [internal] load build context
#8 transferring context: 8.96kB 0.0s done
#8 DONE 0.0s

#9 [builder  2/13] WORKDIR /app
#9 CACHED

#10 [builder  3/13] COPY package.json /app/package.json
#10 DONE 0.0s

#11 [builder  4/13] COPY tsconfig.json /app/tsconfig.json
#11 DONE 0.0s

#12 [builder  5/13] COPY tsconfig.prod.json /app/tsconfig.prod.json
#12 DONE 0.0s

#13 [builder  6/13] COPY build.ts /app/build.ts
#13 DONE 0.0s

#14 [builder  7/13] COPY src /app/src
#14 DONE 0.0s

#15 [builder  8/13] COPY .npmrc /root/.npmrc
#15 DONE 0.0s

#16 [builder  9/13] RUN cat /root/.npmrc
#16 0.163 registry=https://failean-988253048728.d.codeartifact.us-east-1.amazonaws.com/npm/failean/
#16 0.163 //failean-988253048728.d.codeartifact.us-east-1.amazonaws.com/npm/failean/:_authToken=eyJ2ZXIiOjEsImlzdSI6MTY5MDEyMTU4NCwiZW5jIjoiQTEyOEdDTSIsInRhZyI6InJrNkI3cGUzb2xuR1FsUzVSWVZmb0EiLCJleHAiOjE2OTAxNjQ3ODQsImFsZyI6IkExMjhHQ01LVyIsIml2IjoibjhMLUZWZE1fdy1oVXB5XyJ9.i7m9uDU6poB3YQy5CeGcGw.ulR0FSE3DI1SqW4H.mmvP3EgQfl4sP2yNPsb1eHX9Pv5IhQ_ev5vZhtqO0IA4gIesdzFYtzUYuQqIiFEP6es6zvi9j2FDh0yJhQystvmA5JBKg9uqNnZnVQtgLDu9SfQfVmCI1eUPAgJmqse0lw7v0z9gcL7_R61f-HdBCpepZtA_LuPbWmMMPQt96S7o7WkaersyrM3XGs5k1iYZRSh4ifCWtjod_LBbqU6Np0kYaoJc1DmbMqAnuShH-MnMNPxX3oZf7malbmBtvIZ9zefEGFh_Vn7yvHFyoXybMdlnE7BOpgzcpsfkI0-k597AZjr9SCsU6JLOWQnjmnD5UP7pQuJsNIzDk1NF1R649FkstZmia31YYGLf_ezxkQyeDIgthEWS_KCNfv0NV6M1pwt5mp6ohHiE2SgTNfrK3mEOmrFO_678FyHm0UegNFGKNM7EU4bQyMXg1ZY9dcXCQyl2spnoLGbSgwpQesdmdAcWM-GkvrzMQ7aggMVifctTdiDsyYqqIbMrEqFMbALFRrHQae8FG5bg1ZmZ9UnADHlo49UfRx6gQRuLEokEIIAt_lTDBMJ20Q0fTcSBFhIxf3Ge58rtImAk-EWDUuq32fdrt3EWZfgcIvBcg0jXd65tA9SF3sENPgWYRWzXolSjm6tgkQnrVDS76vmmQs8vaq3ZOH12O-2Yza4Jn5L51Ol2K6S7SYJ4Rmmx2P4Y-rD_amRgWVP_AMHaYZhJ2Nv8R_n14GC0qhP6e85k9meJihHxxczvIp09NmTTP-L6dWiRI-lIIK315PrgLMXRv9P_4GvegNsvQXDGTNTbsHRNYji3CT73aOqll-oYMy85rdmEXqYLVJTpini8GjuM80RXh14d72FSpR0Q-Bz3WTXzO44Hcbcu5fpnbm6aA4lFS9uguCdZJJYAZoQuqurwWUk.EXahTO9BYLwWwl7p_-QRlw
#16 DONE 0.2s

#17 [builder 10/13] RUN npm run prod
#17 3.079 
#17 3.079 > failean-mainserver@4.1.2 preprod
#17 3.079 > npm run f1
#17 3.079 
